\BOOKMARK [0][]{chapter.1}{\376\377\0001\000\040\000W\000h\000y\000\040\000W\000e\000\040\000N\000e\000e\000d\000\040\000L\000e\000b\000e\000s\000g\000u\000e\000\040\000I\000n\000t\000e\000g\000r\000a\000l}{}% 1
\BOOKMARK [0][]{chapter.2}{\376\377\0002\000\040\000L\000e\000b\000e\000s\000g\000u\000e\000\040\000M\000e\000a\000s\000u\000r\000e}{}% 2
\BOOKMARK [1][]{section.2.1}{\376\377\0002\000.\0001\000\040\000L\000e\000b\000e\000s\000g\000u\000e\000\040\000O\000u\000t\000e\000r\000\040\000M\000e\000a\000s\000u\000r\000e}{chapter.2}% 3
\BOOKMARK [1][]{section.2.2}{\376\377\0002\000.\0002\000\040\000L\000e\000b\000e\000s\000g\000u\000e\000\040\000M\000e\000a\000s\000u\000r\000e}{chapter.2}% 4
\BOOKMARK [1][]{section.2.3}{\376\377\0002\000.\0003\000\040\000O\000u\000t\000e\000r\000\040\000a\000n\000d\000\040\000I\000n\000n\000e\000r\000\040\000A\000p\000p\000r\000o\000x\000i\000m\000a\000t\000i\000o\000n\000\040\000o\000f\000\040\000M\000e\000a\000s\000u\000r\000a\000b\000l\000e\000\040\000S\000e\000t\000s}{chapter.2}% 5
\BOOKMARK [0][]{chapter.3}{\376\377\0003\000\040\000L\000e\000b\000e\000s\000g\000u\000e\000\040\000M\000e\000a\000s\000u\000r\000a\000l\000b\000e\000\040\000F\000u\000n\000c\000t\000i\000o\000n\000s}{}% 6
\BOOKMARK [1][]{section.3.1}{\376\377\0003\000.\0001\000\040\000D\000e\000f\000i\000n\000i\000t\000i\000o\000n\000\040\000a\000n\000d\000\040\000b\000a\000s\000i\000c\000\040\000p\000r\000o\000p\000e\000r\000t\000i\000e\000s}{chapter.3}% 7
\BOOKMARK [1][]{section.3.2}{\376\377\0003\000.\0002\000\040\000S\000i\000m\000p\000l\000e\000\040\000f\000u\000n\000c\000t\000i\000o\000n\000\040\000a\000p\000p\000r\000o\000x\000i\000m\000a\000t\000i\000o\000n\000\040\000o\000f\000\040\000m\000e\000a\000s\000u\000r\000a\000b\000l\000e\000\040\000f\000u\000n\000c\000t\000i\000o\000n}{chapter.3}% 8
\BOOKMARK [1][]{section.3.3}{\376\377\0003\000.\0003\000\040\000E\000g\000o\000r\000o\000f\000f\000'\000s\000\040\000T\000h\000e\000o\000r\000e\000m\000\040\000\046\000\040\000L\000u\000s\000i\000n\000'\000s\000\040\000T\000h\000e\000o\000r\000e\000m}{chapter.3}% 9
\BOOKMARK [0][]{chapter.4}{\376\377\0004\000\040\000L\000e\000b\000e\000s\000g\000u\000e\000\040\000I\000n\000t\000e\000g\000r\000a\000t\000i\000o\000n}{}% 10
\BOOKMARK [1][]{section.4.1}{\376\377\0004\000.\0001\000\040\000I\000n\000t\000e\000g\000r\000a\000l\000\040\000o\000f\000\040\000S\000i\000m\000p\000l\000e\000\040\000F\000u\000n\000c\000t\000i\000o\000n\000s}{chapter.4}% 11
\BOOKMARK [1][]{section.4.2}{\376\377\0004\000.\0002\000\040\000I\000n\000t\000e\000g\000r\000a\000l\000\040\000f\000o\000r\000\040\000B\000o\000u\000n\000d\000e\000d\000\040\000M\000e\000a\000s\000u\000r\000a\000b\000l\000e\000\040\000F\000u\000n\000c\000t\000i\000o\000n\000s\000\040\000o\000v\000e\000r\000\040\000B\000o\000u\000n\000d\000e\000d\000\040\000S\000e\000t\000s}{chapter.4}% 12
\BOOKMARK [1][]{section.4.3}{\376\377\0004\000.\0003\000\040\000T\000h\000e\000\040\000L\000e\000b\000e\000s\000g\000u\000e\000\040\000I\000n\000t\000e\000g\000r\000a\000l\000\040\000f\000o\000r\000\040\000N\000o\000n\000-\000n\000e\000g\000a\000t\000i\000v\000e\000\040\000F\000u\000n\000c\000t\000i\000o\000n\000s}{chapter.4}% 13
\BOOKMARK [1][]{section.4.4}{\376\377\0004\000.\0004\000\040\000T\000h\000e\000\040\000L\000e\000b\000e\000s\000g\000u\000e\000\040\000I\000n\000t\000e\000g\000r\000a\000l\000\040\000i\000n\000\040\000G\000e\000n\000e\000r\000a\000l}{chapter.4}% 14
\BOOKMARK [1][]{section.4.5}{\376\377\0004\000.\0005\000\040\000L\000e\000b\000e\000s\000g\000u\000e\000\040\000v\000s\000\040\000R\000i\000e\000m\000a\000n\000n}{chapter.4}% 15
\BOOKMARK [0][]{chapter.5}{\376\377\0005\000\040\000L\000i\000m\000i\000t\000\040\000a\000n\000d\000\040\000I\000t\000e\000r\000g\000r\000a\000l}{}% 16
\BOOKMARK [0][]{chapter.6}{\376\377\0006\000\040\000L\000p\000\040\000S\000p\000a\000c\000e}{}% 17
\BOOKMARK [1][]{section.6.1}{\376\377\0006\000.\0001\000\040\000D\000e\000f\000i\000n\000i\000t\000i\000o\000n}{chapter.6}% 18
\BOOKMARK [1][]{section.6.2}{\376\377\0006\000.\0002\000\040\000I\000m\000p\000o\000r\000t\000a\000n\000t\000\040\000I\000n\000e\000q\000u\000a\000l\000i\000t\000y}{chapter.6}% 19
\BOOKMARK [1][]{section.6.3}{\376\377\0006\000.\0003\000\040\000?}{chapter.6}% 20
\BOOKMARK [0][]{chapter.7}{\376\377\0007\000\040\000A\000p\000p\000e\000n\000d\000i\000x\000\040\0001\000:\000\040\000N\000o\000n\000-\000m\000e\000a\000s\000u\000r\000a\000b\000l\000e\000\040\000S\000e\000t\000s\000,\000\040\000N\000o\000n\000-\000m\000e\000a\000s\000u\000r\000a\000b\000l\000e\000\040\000F\000u\000n\000c\000t\000i\000o\000n\000s}{}% 21
